Determining if the pthread_create exist failed with the following output:
Change Dir: /home/odyssey/Documents/novaRover/git/gazeboAutonomousRover/build/CMakeFiles/CMakeTmp

Run Build Command:"/usr/bin/make" "cmTC_5f838/fast"
/usr/bin/make -f CMakeFiles/cmTC_5f838.dir/build.make CMakeFiles/cmTC_5f838.dir/build
make[1]: Entering directory '/home/odyssey/Documents/novaRover/git/gazeboAutonomousRover/build/CMakeFiles/CMakeTmp'
Building C object CMakeFiles/cmTC_5f838.dir/CheckSymbolExists.c.o
/usr/bin/cc    -o CMakeFiles/cmTC_5f838.dir/CheckSymbolExists.c.o   -c /home/odyssey/Documents/novaRover/git/gazeboAutonomousRover/build/CMakeFiles/CMakeTmp/CheckSymbolExists.c
Linking C executable cmTC_5f838
/usr/bin/cmake -E cmake_link_script CMakeFiles/cmTC_5f838.dir/link.txt --verbose=1
/usr/bin/cc      -rdynamic CMakeFiles/cmTC_5f838.dir/CheckSymbolExists.c.o  -o cmTC_5f838 
CMakeFiles/cmTC_5f838.dir/CheckSymbolExists.c.o: In function `main':
CheckSymbolExists.c:(.text+0x1b): undefined reference to `pthread_create'
collect2: error: ld returned 1 exit status
CMakeFiles/cmTC_5f838.dir/build.make:97: recipe for target 'cmTC_5f838' failed
make[1]: *** [cmTC_5f838] Error 1
make[1]: Leaving directory '/home/odyssey/Documents/novaRover/git/gazeboAutonomousRover/build/CMakeFiles/CMakeTmp'
Makefile:126: recipe for target 'cmTC_5f838/fast' failed
make: *** [cmTC_5f838/fast] Error 2

File /home/odyssey/Documents/novaRover/git/gazeboAutonomousRover/build/CMakeFiles/CMakeTmp/CheckSymbolExists.c:
/* */
#include <pthread.h>

int main(int argc, char** argv)
{
  (void)argv;
#ifndef pthread_create
  return ((int*)(&pthread_create))[argc];
#else
  (void)argc;
  return 0;
#endif
}

Determining if the function pthread_create exists in the pthreads failed with the following output:
Change Dir: /home/odyssey/Documents/novaRover/git/gazeboAutonomousRover/build/CMakeFiles/CMakeTmp

Run Build Command:"/usr/bin/make" "cmTC_6f86b/fast"
/usr/bin/make -f CMakeFiles/cmTC_6f86b.dir/build.make CMakeFiles/cmTC_6f86b.dir/build
make[1]: Entering directory '/home/odyssey/Documents/novaRover/git/gazeboAutonomousRover/build/CMakeFiles/CMakeTmp'
Building C object CMakeFiles/cmTC_6f86b.dir/CheckFunctionExists.c.o
/usr/bin/cc   -DCHECK_FUNCTION_EXISTS=pthread_create   -o CMakeFiles/cmTC_6f86b.dir/CheckFunctionExists.c.o   -c /usr/share/cmake-3.10/Modules/CheckFunctionExists.c
Linking C executable cmTC_6f86b
/usr/bin/cmake -E cmake_link_script CMakeFiles/cmTC_6f86b.dir/link.txt --verbose=1
/usr/bin/cc  -DCHECK_FUNCTION_EXISTS=pthread_create    -rdynamic CMakeFiles/cmTC_6f86b.dir/CheckFunctionExists.c.o  -o cmTC_6f86b -lpthreads 
/usr/bin/ld: cannot find -lpthreads
collect2: error: ld returned 1 exit status
CMakeFiles/cmTC_6f86b.dir/build.make:97: recipe for target 'cmTC_6f86b' failed
make[1]: *** [cmTC_6f86b] Error 1
make[1]: Leaving directory '/home/odyssey/Documents/novaRover/git/gazeboAutonomousRover/build/CMakeFiles/CMakeTmp'
Makefile:126: recipe for target 'cmTC_6f86b/fast' failed
make: *** [cmTC_6f86b/fast] Error 2


